<?xml version="1.0" encoding="UTF-8"?>
<!-- Generated by org.testng.reporters.JUnitXMLReporter -->
<testsuite hostname="QB07129167" name="InternetExplorer Test" tests="2" failures="0" timestamp="19 Jan 2015 22:57:26 GMT" time="22.339" errors="0">
  <testcase name="testSignIn" time="0.414" classname="com.etouch.amazon.pages.test.TestAmazonMainPage"/>
  <testcase name="testPreSignIn" time="0.031" classname="com.etouch.amazon.pages.test.TestAmazonMainPage">
    <skipped/>
  </testcase> <!-- testPreSignIn -->
</testsuite> <!-- InternetExplorer Test -->
